  DG2014_DGObject.cpp
  DG2014_Effect.cpp
  DG2014_Font.cpp
  DG2014_Image.cpp
  DG2014_IndexBuffer.cpp
  DG2014_InputLayout.cpp
  DG2014_Mesh.cpp
  DG2014_MeshSOBFile.cpp
  DG2014_Texture.cpp
  DG2014_Ver3_51.cpp
  DG2014_VertexBuffer.cpp
  DG2014_VertexContainer.cpp
  DI2014_Ver3_4.cpp
  easing.cpp
  GameEngine_Ver3_7.cpp
  myLib.cpp
  MyPG.cpp
  Task_Board.cpp
  Task_Effect1.cpp
  Task_Effect2.cpp
  Generating Code...
  Compiling...
  Task_Ending.cpp
  Task_Game.cpp
  Task_Title.cpp
  WinMain.cpp
  xnacollision.cpp
  Generating Code...
  GPG.vcxproj -> D:\TUYD\勉強\ゲームプログラミング 3\ゲームプログラミング３制作\神経衰弱 FULL\Debug\GPG.exe
